[main]	INFO	profile include tests: None
[main]	INFO	profile exclude tests: None
[main]	INFO	cli include tests: None
[main]	INFO	cli exclude tests: None
[main]	INFO	running on Python 3.12.1
Run started:2024-09-04 20:10:56.975661

Test results:
>> Issue: [B311:blacklist] Standard pseudo-random generators are not suitable for security/cryptographic purposes.
   Severity: Low   Confidence: High
   CWE: CWE-330 (https://cwe.mitre.org/data/definitions/330.html)
   More Info: https://bandit.readthedocs.io/en/1.7.9/blacklists/blacklist_calls.html#b311-random
   Location: ./hw2/rand.py:6:17
5	    for i in range(len(arr)):
6	        arr[i] = random.randint(1, 20)
7	    return arr

--------------------------------------------------

Code scanned:
	Total lines of code: 30
	Total lines skipped (#nosec): 0
	Total potential issues skipped due to specifically being disabled (e.g., #nosec BXXX): 0

Run metrics:
	Total issues (by severity):
		Undefined: 0
		Low: 1
		Medium: 0
		High: 0
	Total issues (by confidence):
		Undefined: 0
		Low: 0
		Medium: 0
		High: 1
Files skipped (0):
