hw2/rand.py
    LOC: 7
    LLOC: 5
    SLOC: 5
    Comments: 0
    Single comments: 0
    Multi: 0
    Blank: 2
    - Comment Stats
        (C % L): 0%
        (C % S): 0%
        (C + M % L): 0%
hw2/hw2_debugging.py
    LOC: 47
    LLOC: 30
    SLOC: 29
    Comments: 2
    Single comments: 2
    Multi: 0
    Blank: 16
    - Comment Stats
        (C % L): 4%
        (C % S): 7%
        (C + M % L): 4%
hw2/test_debugging.py
    LOC: 16
    LLOC: 10
    SLOC: 10
    Comments: 0
    Single comments: 0
    Multi: 0
    Blank: 6
    - Comment Stats
        (C % L): 0%
        (C % S): 0%
        (C + M % L): 0%
