hw2/rand.py:
    h1: 0
    h2: 0
    N1: 0
    N2: 0
    vocabulary: 0
    length: 0
    calculated_length: 0
    volume: 0
    difficulty: 0
    effort: 0
    time: 0.0
    bugs: 0.0
hw2/hw2_debugging.py:
    h1: 6
    h2: 18
    N1: 15
    N2: 30
    vocabulary: 24
    length: 45
    calculated_length: 90.56842503028855
    volume: 206.32331253245206
    difficulty: 5.0
    effort: 1031.6165626622603
    time: 57.31203125901446
    bugs: 0.06877443751081735
hw2/test_debugging.py:
    h1: 1
    h2: 6
    N1: 3
    N2: 6
    vocabulary: 7
    length: 9
    calculated_length: 15.509775004326936
    volume: 25.26619429851844
    difficulty: 0.5
    effort: 12.63309714925922
    time: 0.701838730514401
    bugs: 0.008422064766172813
